Detecting compiler hash for triplet x64-windows...
The following packages will be built and installed:
    sqlite3[core]:x64-windows -> 3.40.1#3 -- C:\Users\Anatejl\.clion-vcpkg\vcpkg\buildtrees\versioning_\versions\sqlite3\846077eab115952eeb4dda0eaae97a3eb776fa9f
Restored 0 package(s) from C:\Users\Anatejl\AppData\Local\vcpkg\archives in 140 us. Use --debug to see more details.
Installing 1/1 sqlite3:x64-windows...
Building sqlite3[core]:x64-windows...
-- Installing port from location: C:\Users\Anatejl\.clion-vcpkg\vcpkg\buildtrees\versioning_\versions\sqlite3\846077eab115952eeb4dda0eaae97a3eb776fa9f
-- Using cached sqlite-amalgamation-3400100.zip.
-- Cleaning sources at C:/Users/Anatejl/.clion-vcpkg/vcpkg/buildtrees/sqlite3/src/on-3400100-8430f9f010.clean. Use --editable to skip cleaning for the packages you specify.
-- Extracting source C:/Users/Anatejl/.clion-vcpkg/vcpkg/downloads/sqlite-amalgamation-3400100.zip
-- Applying patch fix-arm-uwp.patch
-- Applying patch add-config-include.patch
-- Using source at C:/Users/Anatejl/.clion-vcpkg/vcpkg/buildtrees/sqlite3/src/on-3400100-8430f9f010.clean
-- Found external ninja('1.11.0').
-- Configuring x64-windows
CMake Error at scripts/cmake/vcpkg_execute_required_process.cmake:112 (message):
    Command failed: "C:/Program Files/Microsoft Visual Studio/2022/Community/Common7/IDE/CommonExtensions/Microsoft/CMake/Ninja/ninja.exe" -v
    Working Directory: C:/Users/Anatejl/.clion-vcpkg/vcpkg/buildtrees/sqlite3/x64-windows-rel/vcpkg-parallel-configure
    Error code: 1
    See logs for more information:
      C:\Users\Anatejl\.clion-vcpkg\vcpkg\buildtrees\sqlite3\config-x64-windows-dbg-CMakeCache.txt.log
      C:\Users\Anatejl\.clion-vcpkg\vcpkg\buildtrees\sqlite3\config-x64-windows-rel-CMakeCache.txt.log
      C:\Users\Anatejl\.clion-vcpkg\vcpkg\buildtrees\sqlite3\config-x64-windows-out.log

Call Stack (most recent call first):
  E:/Git/NNTU_INF/cmake-build-debug-mingw/vcpkg_installed/x64-windows/share/vcpkg-cmake/vcpkg_cmake_configure.cmake:248 (vcpkg_execute_required_process)
  buildtrees/versioning_/versions/sqlite3/846077eab115952eeb4dda0eaae97a3eb776fa9f/portfile.cmake:66 (vcpkg_cmake_configure)
  scripts/ports.cmake:147 (include)


error: building sqlite3:x64-windows failed with: BUILD_FAILED
Please ensure you're using the latest port files with `git pull` and `vcpkg update`.
Then check for known issues at:
    https://github.com/microsoft/vcpkg/issues?q=is%3Aissue+is%3Aopen+in%3Atitle+sqlite3
You can submit a new issue at:
    https://github.com/microsoft/vcpkg/issues/new?title=[sqlite3]+Build+error&body=Copy+issue+body+from+E%3A%2FGit%2FNNTU_INF%2Fcmake-build-debug-mingw%2Fvcpkg_installed%2Fvcpkg%2Fissue_body.md

